<?xml version="1.0" encoding="UTF-8"?>
<testng-results ignored="0" total="1" passed="1" failed="0" skipped="0">
  <reporter-output>
  </reporter-output>
  <suite started-at="2025-09-01T09:45:57 IST" name="Surefire suite" finished-at="2025-09-01T09:45:57 IST" duration-ms="59">
    <groups>
    </groups>
    <test started-at="2025-09-01T09:45:57 IST" name="Surefire test" finished-at="2025-09-01T09:45:57 IST" duration-ms="59">
      <class name="automation.webhook_coforgeSept.AppTest">
        <test-method signature="shouldAnswerWithTrue()[pri:0, instance:automation.webhook_coforgeSept.AppTest@3ee0fea4]" started-at="2025-09-01T09:45:57 IST" name="shouldAnswerWithTrue" finished-at="2025-09-01T09:45:57 IST" duration-ms="4" status="PASS">
          <reporter-output>
          </reporter-output>
        </test-method> <!-- shouldAnswerWithTrue -->
      </class> <!-- automation.webhook_coforgeSept.AppTest -->
    </test> <!-- Surefire test -->
  </suite> <!-- Surefire suite -->
</testng-results>
